  BaseItem.cpp
  CharacInfo.cpp
  Coke.cpp
  GameRoot.cpp
C:\김희진\SGA 과제\21.-04.-25-Class\21. 04. 25-Class++\Vending machine\BaseItem.h(13,16): error C2039: 'string': 'std'의 멤버가 아닙니다.
C:\김희진\SGA 과제\21.-04.-25-Class\21. 04. 25-Class++\Vending machine\predefined C++ types (compiler internal)(339): message : 'std' 선언을 참조하십시오.
C:\김희진\SGA 과제\21.-04.-25-Class\21. 04. 25-Class++\Vending machine\BaseItem.h(13,10): error C2061: 구문 오류: 식별자 'string'
C:\김희진\SGA 과제\21.-04.-25-Class\21. 04. 25-Class++\Vending machine\BaseItem.h(13,10): error C2535: 'BaseItem::BaseItem(void)': 멤버 함수를 이미 정의했거나 선언했습니다.
C:\김희진\SGA 과제\21.-04.-25-Class\21. 04. 25-Class++\Vending machine\BaseItem.h(12): message : 'BaseItem::BaseItem' 선언을 참조하십시오.
C:\김희진\SGA 과제\21.-04.-25-Class\21. 04. 25-Class++\Vending machine\BaseItem.h(18,7): error C2039: 'string': 'std'의 멤버가 아닙니다.
C:\김희진\SGA 과제\21.-04.-25-Class\21. 04. 25-Class++\Vending machine\predefined C++ types (compiler internal)(339): message : 'std' 선언을 참조하십시오.
C:\김희진\SGA 과제\21.-04.-25-Class\21. 04. 25-Class++\Vending machine\BaseItem.h(18,14): error C3646: 'm_Name': 알 수 없는 재정의 지정자입니다.
C:\김희진\SGA 과제\21.-04.-25-Class\21. 04. 25-Class++\Vending machine\BaseItem.h(18,20): error C4430: 형식 지정자가 없습니다. int로 가정합니다. 참고: C++에서는 기본 int를 지원하지 않습니다.
C:\김희진\SGA 과제\21.-04.-25-Class\21. 04. 25-Class++\Vending machine\BaseItem.h(25,7): error C2039: 'string': 'std'의 멤버가 아닙니다.
C:\김희진\SGA 과제\21.-04.-25-Class\21. 04. 25-Class++\Vending machine\predefined C++ types (compiler internal)(339): message : 'std' 선언을 참조하십시오.
C:\김희진\SGA 과제\21.-04.-25-Class\21. 04. 25-Class++\Vending machine\BaseItem.h(25,14): error C3646: 'GetName': 알 수 없는 재정의 지정자입니다.
C:\김희진\SGA 과제\21.-04.-25-Class\21. 04. 25-Class++\Vending machine\BaseItem.h(25,21): error C2059: 구문 오류: '('
C:\김희진\SGA 과제\21.-04.-25-Class\21. 04. 25-Class++\Vending machine\BaseItem.h(25,24): error C2334: '{' 앞에 예기치 않은 토큰이 있습니다. 명백한 함수 본문을 건너뜁니다.
C:\김희진\SGA 과제\21.-04.-25-Class\21. 04. 25-Class++\Vending machine\Coke.h(7,12): error C2039: 'string': 'std'의 멤버가 아닙니다.
C:\김희진\SGA 과제\21.-04.-25-Class\21. 04. 25-Class++\Vending machine\predefined C++ types (compiler internal)(339): message : 'std' 선언을 참조하십시오.
C:\김희진\SGA 과제\21.-04.-25-Class\21. 04. 25-Class++\Vending machine\Coke.h(7,6): error C2061: 구문 오류: 식별자 'string'
C:\김희진\SGA 과제\21.-04.-25-Class\21. 04. 25-Class++\Vending machine\Coke.h(7,6): error C2535: 'Coke::Coke(void)': 멤버 함수를 이미 정의했거나 선언했습니다.
C:\김희진\SGA 과제\21.-04.-25-Class\21. 04. 25-Class++\Vending machine\Coke.h(6): message : 'Coke::Coke' 선언을 참조하십시오.
C:\김희진\SGA 과제\21.-04.-25-Class\21. 04. 25-Class++\Vending machine\Sida.h(7,12): error C2039: 'string': 'std'의 멤버가 아닙니다.
C:\김희진\SGA 과제\21.-04.-25-Class\21. 04. 25-Class++\Vending machine\predefined C++ types (compiler internal)(339): message : 'std' 선언을 참조하십시오.
C:\김희진\SGA 과제\21.-04.-25-Class\21. 04. 25-Class++\Vending machine\Sida.h(7,6): error C2061: 구문 오류: 식별자 'string'
C:\김희진\SGA 과제\21.-04.-25-Class\21. 04. 25-Class++\Vending machine\Sida.h(7,6): error C2535: 'Sida::Sida(void)': 멤버 함수를 이미 정의했거나 선언했습니다.
C:\김희진\SGA 과제\21.-04.-25-Class\21. 04. 25-Class++\Vending machine\Sida.h(6): message : 'Sida::Sida' 선언을 참조하십시오.
C:\김희진\SGA 과제\21.-04.-25-Class\21. 04. 25-Class++\Vending machine\GameRoot.cpp(11,33): error C2440: '<function-style-cast>': 'initializer list'에서 'Coke'(으)로 변환할 수 없습니다.
C:\김희진\SGA 과제\21.-04.-25-Class\21. 04. 25-Class++\Vending machine\GameRoot.cpp(11,33): message : 소스 형식을 가져올 수 있는 생성자가 없거나 생성자 오버로드 확인이 모호합니다.
C:\김희진\SGA 과제\21.-04.-25-Class\21. 04. 25-Class++\Vending machine\GameRoot.cpp(12,33): error C2440: '<function-style-cast>': 'initializer list'에서 'Sida'(으)로 변환할 수 없습니다.
C:\김희진\SGA 과제\21.-04.-25-Class\21. 04. 25-Class++\Vending machine\GameRoot.cpp(12,33): message : 소스 형식을 가져올 수 있는 생성자가 없거나 생성자 오버로드 확인이 모호합니다.
  main.cpp
  Sida.cpp
  stdafx.cpp
